timestamp: 2022-12-14T23:56:32.024581
CREATE TABLE "auth_user"(
    "id" INTEGER PRIMARY KEY AUTOINCREMENT,
    "first_name" CHAR(128),
    "last_name" CHAR(128),
    "email" CHAR(512),
    "password" CHAR(512),
    "registration_key" CHAR(512),
    "reset_password_key" CHAR(512),
    "registration_id" CHAR(512)
);
success!
timestamp: 2022-12-14T23:56:32.159728
CREATE TABLE "auth_group"(
    "id" INTEGER PRIMARY KEY AUTOINCREMENT,
    "role" CHAR(512),
    "description" TEXT
);
success!
timestamp: 2022-12-14T23:56:32.229761
CREATE TABLE "auth_membership"(
    "id" INTEGER PRIMARY KEY AUTOINCREMENT,
    "user_id" INTEGER REFERENCES "auth_user" ("id") ON DELETE CASCADE  ,
    "group_id" INTEGER REFERENCES "auth_group" ("id") ON DELETE CASCADE  
);
success!
timestamp: 2022-12-14T23:56:32.319772
CREATE TABLE "auth_permission"(
    "id" INTEGER PRIMARY KEY AUTOINCREMENT,
    "group_id" INTEGER REFERENCES "auth_group" ("id") ON DELETE CASCADE  ,
    "name" CHAR(512),
    "table_name" CHAR(512),
    "record_id" INTEGER
);
success!
timestamp: 2022-12-14T23:56:32.397881
CREATE TABLE "auth_event"(
    "id" INTEGER PRIMARY KEY AUTOINCREMENT,
    "time_stamp" TIMESTAMP,
    "client_ip" CHAR(512),
    "user_id" INTEGER REFERENCES "auth_user" ("id") ON DELETE CASCADE  ,
    "origin" CHAR(512),
    "description" TEXT
);
success!
timestamp: 2022-12-14T23:56:32.481199
CREATE TABLE "auth_cas"(
    "id" INTEGER PRIMARY KEY AUTOINCREMENT,
    "user_id" INTEGER REFERENCES "auth_user" ("id") ON DELETE CASCADE  ,
    "created_on" TIMESTAMP,
    "service" CHAR(512),
    "ticket" CHAR(512),
    "renew" CHAR(1)
);
success!
timestamp: 2022-12-14T23:56:53.929212
CREATE TABLE "userType"(
    "id_usertype" INTEGER PRIMARY KEY AUTOINCREMENT,
    "name_usertype" CHAR(512)
);
success!
