[2022-12-24 20:00:59] START
[2022-12-25 23:16:28] CREATE default/list_posts_by_datetime.html: 0
[2022-12-25 23:19:29] EDIT unapymes/views/default/list_posts_by_datetime.html: 4
[2022-12-25 23:30:03] EDIT unapymes/views/default/list_posts_by_datetime.html: 10
[2022-12-25 23:32:24] EDIT unapymes/views/default/list_posts_by_datetime.html: 0
[2022-12-25 23:36:02] EDIT unapymes/views/default/list_posts_by_datetime.html: 0
[2022-12-25 23:36:19] EDIT unapymes/views/default/list_posts_by_datetime.html: -3
[2022-12-25 23:36:55] EDIT unapymes/views/default/list_posts_by_datetime.html: 3
[2022-12-25 23:37:05] EDIT unapymes/views/default/list_posts_by_datetime.html: -3
[2022-12-25 23:37:15] EDIT unapymes/views/default/list_posts_by_datetime.html: 0
[2022-12-25 23:37:37] EDIT unapymes/views/default/list_posts_by_datetime.html: -3
[2022-12-25 23:37:52] EDIT unapymes/views/default/list_posts_by_datetime.html: 0
[2022-12-25 23:43:19] EDIT unapymes/views/default/list_posts_by_datetime.html: 0
[2022-12-25 23:47:45] EDIT unapymes/views/default/list_posts_by_datetime.html: -1
[2022-12-25 23:47:54] EDIT unapymes/views/default/list_posts_by_datetime.html: 1
[2022-12-25 23:48:31] EDIT unapymes/views/default/list_posts_by_datetime.html: 0
[2022-12-25 23:48:37] EDIT unapymes/views/default/list_posts_by_datetime.html: 0
[2022-12-25 23:51:29] EDIT unapymes/views/default/list_posts_by_datetime.html: 6
[2022-12-25 23:54:16] EDIT unapymes/views/default/list_posts_by_datetime.html: 0
[2022-12-25 23:54:19] EDIT unapymes/views/default/list_posts_by_datetime.html: 1
[2022-12-25 23:54:32] EDIT unapymes/views/default/list_posts_by_datetime.html: -1
[2022-12-26 00:08:18] CREATE deafult/post_view.html: 0
[2022-12-26 00:09:04] EDIT unapymes/views/deafult/post_view.html: 3
[2022-12-26 00:09:17] EDIT unapymes/views/deafult/post_view.html: 0
[2022-12-26 00:10:55] EDIT unapymes/views/deafult/post_view.html: 0
[2022-12-26 00:34:43] EDIT unapymes/views/default/view_post.html: 0
[2022-12-26 00:34:53] EDIT unapymes/views/default/view_post.html: 1
[2022-12-26 00:42:20] EDIT unapymes/views/default/view_post.html: 4
[2022-12-26 00:43:22] EDIT unapymes/views/default/view_post.html: 0
[2022-12-26 00:44:15] EDIT unapymes/views/default/view_post.html: -1
[2022-12-26 00:44:19] EDIT unapymes/views/default/view_post.html: -1
[2022-12-26 00:44:43] EDIT unapymes/views/default/view_post.html: -1
[2022-12-26 00:44:59] EDIT unapymes/views/default/view_post.html: 1
[2022-12-26 00:45:11] EDIT unapymes/views/default/view_post.html: 1
[2022-12-26 00:58:18] EDIT unapymes/views/default/view_post.html: 3
[2022-12-26 00:59:35] EDIT unapymes/views/default/view_post.html: -2
[2022-12-26 00:59:42] EDIT unapymes/views/default/view_post.html: -2
[2022-12-26 01:00:51] EDIT unapymes/views/default/list_posts_by_datetime.html: 1
[2022-12-26 01:01:02] EDIT unapymes/views/default/list_posts_by_datetime.html: 0
[2022-12-26 01:01:11] EDIT unapymes/views/default/list_posts_by_datetime.html: 0
[2022-12-26 01:01:23] EDIT unapymes/views/default/list_posts_by_datetime.html: 0
[2022-12-26 01:02:59] EDIT unapymes/views/default/list_posts_by_datetime.html: 1
[2022-12-26 01:03:39] EDIT unapymes/views/default/list_posts_by_datetime.html: 0
[2022-12-26 01:07:09] EDIT unapymes/views/default/list_posts_by_datetime.html: 0
