[2022-12-14 23:12:28] START
[2022-12-14 23:51:58] EDIT pymedisenm/models/db.py: 0
[2022-12-15 02:31:05] EDIT pymedisenm/models/db.py: -2
[2022-12-15 02:41:25] EDIT pymedisenm/models/db.py: 0
[2022-12-15 02:42:21] EDIT pymedisenm/models/db.py: -16
[2022-12-15 02:42:58] EDIT pymedisenm/models/db.py: 1
[2022-12-15 02:43:12] EDIT pymedisenm/models/db.py: 0
[2022-12-15 02:43:16] EDIT pymedisenm/models/db.py: 0
[2022-12-15 02:43:49] EDIT pymedisenm/models/db.py: -8
[2022-12-15 02:44:33] EDIT pymedisenm/models/db.py: 7
[2022-12-15 02:44:55] EDIT pymedisenm/models/db.py: -2
[2022-12-15 02:45:34] EDIT pymedisenm/models/db.py: 1
[2022-12-15 02:58:41] CREATE students.py: 0
[2022-12-15 03:00:21] EDIT pymedisenm/controllers/students.py: 2
[2022-12-15 03:01:25] EDIT pymedisenm/controllers/students.py: 0
[2022-12-15 03:03:14] EDIT pymedisenm/controllers/students.py: 0
[2022-12-15 03:03:59] EDIT pymedisenm/controllers/students.py: 0
[2022-12-15 03:04:39] EDIT pymedisenm/controllers/students.py: 0
[2022-12-15 03:05:28] EDIT pymedisenm/controllers/students.py: 0
[2022-12-15 03:05:35] EDIT pymedisenm/controllers/students.py: 0
[2022-12-15 03:05:42] EDIT pymedisenm/controllers/students.py: 0
[2022-12-15 03:05:51] EDIT pymedisenm/controllers/students.py: 0
[2022-12-15 03:06:08] EDIT pymedisenm/controllers/students.py: 0
[2022-12-15 03:06:43] EDIT pymedisenm/controllers/students.py: 0
[2022-12-15 03:07:00] EDIT pymedisenm/controllers/students.py: 0
[2022-12-15 03:14:02] EDIT pymedisenm/controllers/students.py: 0
[2022-12-15 03:14:48] CREATE posts.py: 0
[2022-12-15 03:15:17] EDIT pymedisenm/controllers/posts.py: 2
[2022-12-15 03:15:31] CREATE comments.py: 0
[2022-12-15 03:16:03] EDIT pymedisenm/controllers/comments.py: 2
[2022-12-15 03:23:09] CREATE students.py: 0
[2022-12-15 03:23:43] EDIT pymedisenm/controllers/students.py: 2
[2022-12-15 03:24:22] EDIT pymedisenm/controllers/students.py: 0
