timestamp: 2022-12-14T23:23:47.233673
CREATE TABLE "auth_user"(
    "id" INTEGER PRIMARY KEY AUTOINCREMENT,
    "first_name" CHAR(128),
    "last_name" CHAR(128),
    "email" CHAR(512),
    "password" CHAR(512),
    "registration_key" CHAR(512),
    "reset_password_key" CHAR(512),
    "registration_id" CHAR(512)
);
success!
timestamp: 2022-12-14T23:23:47.355392
CREATE TABLE "auth_group"(
    "id" INTEGER PRIMARY KEY AUTOINCREMENT,
    "role" CHAR(512),
    "description" TEXT
);
success!
timestamp: 2022-12-14T23:23:47.437696
CREATE TABLE "auth_membership"(
    "id" INTEGER PRIMARY KEY AUTOINCREMENT,
    "user_id" INTEGER REFERENCES "auth_user" ("id") ON DELETE CASCADE  ,
    "group_id" INTEGER REFERENCES "auth_group" ("id") ON DELETE CASCADE  
);
success!
timestamp: 2022-12-14T23:23:47.521668
CREATE TABLE "auth_permission"(
    "id" INTEGER PRIMARY KEY AUTOINCREMENT,
    "group_id" INTEGER REFERENCES "auth_group" ("id") ON DELETE CASCADE  ,
    "name" CHAR(512),
    "table_name" CHAR(512),
    "record_id" INTEGER
);
success!
timestamp: 2022-12-14T23:23:47.624315
CREATE TABLE "auth_event"(
    "id" INTEGER PRIMARY KEY AUTOINCREMENT,
    "time_stamp" TIMESTAMP,
    "client_ip" CHAR(512),
    "user_id" INTEGER REFERENCES "auth_user" ("id") ON DELETE CASCADE  ,
    "origin" CHAR(512),
    "description" TEXT
);
success!
timestamp: 2022-12-14T23:23:47.713475
CREATE TABLE "auth_cas"(
    "id" INTEGER PRIMARY KEY AUTOINCREMENT,
    "user_id" INTEGER REFERENCES "auth_user" ("id") ON DELETE CASCADE  ,
    "created_on" TIMESTAMP,
    "service" CHAR(512),
    "ticket" CHAR(512),
    "renew" CHAR(1)
);
success!
timestamp: 2022-12-14T23:46:58.786874
CREATE TABLE "userType"(
    "id_usertype" INTEGER PRIMARY KEY AUTOINCREMENT,
    "name_usertype" CHAR(512)
);
success!
timestamp: 2022-12-14T23:59:56.250554
CREATE TABLE "studentType"(
    "id_studenttype" INTEGER PRIMARY KEY AUTOINCREMENT,
    "name_studenttype" CHAR(512)
);
success!
timestamp: 2022-12-15T02:31:07.543351
CREATE TABLE "student"(
    "id_student" INTEGER PRIMARY KEY AUTOINCREMENT,
    "name" CHAR(512),
    "last_name" CHAR(512),
    "gender" CHAR(512),
    "run" INTEGER,
    "dv" TEXT,
    "birthday" TIMESTAMP,
    "telephone" INTEGER,
    "email" CHAR(512),
    "password" CHAR(512),
    "uni_carrer" CHAR(512)
);
success!
timestamp: 2022-12-15T02:44:58.882811
CREATE TABLE "pyme"(
    "id_pyme" INTEGER PRIMARY KEY AUTOINCREMENT,
    "name" CHAR(512),
    "description" CHAR(512)
);
success!
timestamp: 2022-12-15T02:45:50.473984
ALTER TABLE "pyme" ADD "category" CHAR(512);
success!
timestamp: 2022-12-15T02:46:54.928236
CREATE TABLE "student_type"(
    "id_student_type" INTEGER PRIMARY KEY AUTOINCREMENT,
    "name_student_type" CHAR(512)
);
success!
timestamp: 2022-12-15T02:46:55.036769
ALTER TABLE "pyme" ADD "student_name" CHAR(512);
success!
timestamp: 2022-12-15T02:47:45.100031
CREATE TABLE "posts"(
    "id_posts" INTEGER PRIMARY KEY AUTOINCREMENT,
    "title" CHAR(512),
    "description" CHAR(512)
);
success!
timestamp: 2022-12-15T02:48:29.679096
ALTER TABLE "posts" ADD "post_date" DATE;
success!
timestamp: 2022-12-15T02:48:51.378996
ALTER TABLE "posts" ADD "url" CHAR(512);
success!
timestamp: 2022-12-15T02:49:07.926486
ALTER TABLE "posts" ADD "id_pyme" INTEGER PRIMARY KEY AUTOINCREMENT;
timestamp: 2022-12-15T02:49:47.373938
CREATE TABLE "comments"(
    "id_comments" INTEGER PRIMARY KEY AUTOINCREMENT,
    "title" CHAR(512),
    "description" CHAR(512),
    "rating" INTEGER,
    "comment_date" DATE
);
success!
timestamp: 2022-12-15T02:57:33.981216
ALTER TABLE "student" ADD "id_student_type" INTEGER REFERENCES "student_type" ("id_student_type") ON DELETE CASCADE  ;
success!
timestamp: 2022-12-15T02:57:34.070265
ALTER TABLE "pyme" ADD "id_student" INTEGER REFERENCES "student" ("id_student") ON DELETE CASCADE  ;
success!
timestamp: 2022-12-15T02:57:34.169527
ALTER TABLE "posts" ADD "id_student" INTEGER REFERENCES "student" ("id_student") ON DELETE CASCADE  ;
timestamp: 2022-12-15T02:57:34.265293
ALTER TABLE "posts" ADD "id_pyme" INTEGER REFERENCES "pyme" ("id_pyme") ON DELETE CASCADE  ;
success!
timestamp: 2022-12-15T02:57:34.352968
ALTER TABLE "comments" ADD "id_student" INTEGER REFERENCES "student" ("id_student") ON DELETE CASCADE  ;
timestamp: 2022-12-15T02:57:34.431385
ALTER TABLE "comments" ADD "id_posts" INTEGER REFERENCES "posts" ("id_posts") ON DELETE CASCADE  ;
success!
success!
success!
success!
success!
success!
success!
success!
success!
success!
success!
success!
success!
success!
success!
success!
success!
success!
success!
success!
success!
success!
success!
success!
success!
success!
success!
success!
success!
success!
success!
success!
success!
success!
success!
timestamp: 2022-12-15T03:11:19.048180
ALTER TABLE "student" ADD "id_type" INTEGER REFERENCES "student_type" ("id_student_type") ON DELETE CASCADE  ;
success!
success!
success!
success!
success!
success!
success!
success!
success!
success!
success!
success!
success!
success!
success!
success!
success!
success!
success!
success!
success!
success!
success!
success!
success!
success!
success!
success!
success!
success!
success!
success!
success!
success!
success!
success!
success!
success!
success!
success!
success!
success!
success!
success!
success!
success!
success!
success!
success!
success!
success!
success!
success!
success!
success!
success!
success!
success!
success!
success!
success!
success!
success!
success!
success!
success!
success!
success!
success!
success!
success!
success!
success!
success!
success!
success!
success!
success!
success!
success!
success!
success!
success!
success!
success!
success!
success!
success!
success!
success!
success!
success!
success!
success!
success!
success!
success!
success!
success!
success!
success!
success!
success!
success!
success!
success!
success!
success!
success!
success!
success!
success!
success!
success!
success!
success!
success!
success!
success!
success!
success!
success!
success!
success!
success!
success!
success!
success!
success!
success!
success!
success!
success!
success!
success!
success!
success!
